<?xml version="1.0" encoding="UTF-8"?>
<testng-results skipped="0" failed="1" ignored="1" total="12" passed="10">
  <reporter-output>
  </reporter-output>
  <suite name="tests.lesson1.beforeAfterSuiteTestClassMethod" duration-ms="31" started-at="2021-02-26T08:42:53Z" finished-at="2021-02-26T08:42:53Z">
    <groups>
      <group name="group3">
        <method signature="BeforeAfterSuiteTestClassMethod.testMethod1()[pri:0, instance:tests.lesson1.beforeAfterSuiteTestClassMethod.BeforeAfterSuiteTestClassMethod@1a84f40f]" name="testMethod1" class="tests.lesson1.beforeAfterSuiteTestClassMethod.BeforeAfterSuiteTestClassMethod"/>
      </group> <!-- group3 -->
      <group name="group1">
        <method signature="BeforeAfterSuiteTestClassMethod.testMethod3()[pri:0, instance:tests.lesson1.beforeAfterSuiteTestClassMethod.BeforeAfterSuiteTestClassMethod@1a84f40f]" name="testMethod3" class="tests.lesson1.beforeAfterSuiteTestClassMethod.BeforeAfterSuiteTestClassMethod"/>
      </group> <!-- group1 -->
    </groups>
    <test name="BeforeAfterSuiteTestClassMethod" duration-ms="31" started-at="2021-02-26T08:42:53Z" finished-at="2021-02-26T08:42:53Z">
      <class name="tests.lesson1.beforeAfterSuiteTestClassMethod.BeforeAfterSuiteTestClassMethod">
        <test-method status="PASS" signature="beforeSuite()[pri:0, instance:tests.lesson1.beforeAfterSuiteTestClassMethod.BeforeAfterSuiteTestClassMethod@1a84f40f]" name="beforeSuite" is-config="true" duration-ms="1" started-at="2021-02-26T08:42:53Z" finished-at="2021-02-26T08:42:53Z">
          <reporter-output>
          </reporter-output>
        </test-method> <!-- beforeSuite -->
        <test-method status="PASS" signature="beforeTest()[pri:0, instance:tests.lesson1.beforeAfterSuiteTestClassMethod.BeforeAfterSuiteTestClassMethod@1a84f40f]" name="beforeTest" is-config="true" duration-ms="1" started-at="2021-02-26T08:42:53Z" finished-at="2021-02-26T08:42:53Z">
          <reporter-output>
          </reporter-output>
        </test-method> <!-- beforeTest -->
        <test-method status="PASS" signature="beforeClass()[pri:0, instance:tests.lesson1.beforeAfterSuiteTestClassMethod.BeforeAfterSuiteTestClassMethod@1a84f40f]" name="beforeClass" is-config="true" duration-ms="2" started-at="2021-02-26T08:42:53Z" finished-at="2021-02-26T08:42:53Z">
          <reporter-output>
          </reporter-output>
        </test-method> <!-- beforeClass -->
        <test-method status="PASS" signature="beforeMethod()[pri:0, instance:tests.lesson1.beforeAfterSuiteTestClassMethod.BeforeAfterSuiteTestClassMethod@1a84f40f]" name="beforeMethod" is-config="true" duration-ms="1" started-at="2021-02-26T08:42:53Z" finished-at="2021-02-26T08:42:53Z">
          <reporter-output>
          </reporter-output>
        </test-method> <!-- beforeMethod -->
        <test-method status="PASS" signature="testMethod1()[pri:0, instance:tests.lesson1.beforeAfterSuiteTestClassMethod.BeforeAfterSuiteTestClassMethod@1a84f40f]" name="testMethod1" duration-ms="4" started-at="2021-02-26T08:42:53Z" description="description annotation: Test1 Before\After suite, test, class, method, groups" finished-at="2021-02-26T08:42:53Z">
          <reporter-output>
          </reporter-output>
        </test-method> <!-- testMethod1 -->
        <test-method status="PASS" signature="afterMethod()[pri:0, instance:tests.lesson1.beforeAfterSuiteTestClassMethod.BeforeAfterSuiteTestClassMethod@1a84f40f]" name="afterMethod" is-config="true" duration-ms="0" started-at="2021-02-26T08:42:53Z" finished-at="2021-02-26T08:42:53Z">
          <reporter-output>
          </reporter-output>
        </test-method> <!-- afterMethod -->
        <test-method status="PASS" signature="beforeMethod()[pri:0, instance:tests.lesson1.beforeAfterSuiteTestClassMethod.BeforeAfterSuiteTestClassMethod@1a84f40f]" name="beforeMethod" is-config="true" duration-ms="1" started-at="2021-02-26T08:42:53Z" finished-at="2021-02-26T08:42:53Z">
          <reporter-output>
          </reporter-output>
        </test-method> <!-- beforeMethod -->
        <test-method status="PASS" signature="testMethod3()[pri:0, instance:tests.lesson1.beforeAfterSuiteTestClassMethod.BeforeAfterSuiteTestClassMethod@1a84f40f]" name="testMethod3" duration-ms="2" started-at="2021-02-26T08:42:53Z" description="description annotation: Test3 Before\After suite, test, class, method, groups" finished-at="2021-02-26T08:42:53Z">
          <reporter-output>
          </reporter-output>
        </test-method> <!-- testMethod3 -->
        <test-method status="PASS" signature="afterMethod()[pri:0, instance:tests.lesson1.beforeAfterSuiteTestClassMethod.BeforeAfterSuiteTestClassMethod@1a84f40f]" name="afterMethod" is-config="true" duration-ms="1" started-at="2021-02-26T08:42:53Z" finished-at="2021-02-26T08:42:53Z">
          <reporter-output>
          </reporter-output>
        </test-method> <!-- afterMethod -->
        <test-method status="PASS" signature="afterClass()[pri:0, instance:tests.lesson1.beforeAfterSuiteTestClassMethod.BeforeAfterSuiteTestClassMethod@1a84f40f]" name="afterClass" is-config="true" duration-ms="2" started-at="2021-02-26T08:42:53Z" finished-at="2021-02-26T08:42:53Z">
          <reporter-output>
          </reporter-output>
        </test-method> <!-- afterClass -->
        <test-method status="PASS" signature="afterTest()[pri:0, instance:tests.lesson1.beforeAfterSuiteTestClassMethod.BeforeAfterSuiteTestClassMethod@1a84f40f]" name="afterTest" is-config="true" duration-ms="1" started-at="2021-02-26T08:42:53Z" finished-at="2021-02-26T08:42:53Z">
          <reporter-output>
          </reporter-output>
        </test-method> <!-- afterTest -->
        <test-method status="PASS" signature="afterSuite()[pri:0, instance:tests.lesson1.beforeAfterSuiteTestClassMethod.BeforeAfterSuiteTestClassMethod@1a84f40f]" name="afterSuite" is-config="true" duration-ms="0" started-at="2021-02-26T08:42:53Z" finished-at="2021-02-26T08:42:53Z">
          <reporter-output>
          </reporter-output>
        </test-method> <!-- afterSuite -->
      </class> <!-- tests.lesson1.beforeAfterSuiteTestClassMethod.BeforeAfterSuiteTestClassMethod -->
    </test> <!-- BeforeAfterSuiteTestClassMethod -->
  </suite> <!-- tests.lesson1.beforeAfterSuiteTestClassMethod -->
  <suite name="Suite for parallel run" duration-ms="101278" started-at="2021-02-26T08:41:08Z" finished-at="2021-02-26T08:42:49Z">
    <groups>
    </groups>
    <test name="SendEmailTest using Mozilla" duration-ms="98927" started-at="2021-02-26T08:41:08Z" finished-at="2021-02-26T08:42:47Z">
      <class name="tests.lesson1.pageObject.SendEmailTest">
        <test-method status="PASS" signature="setup(java.lang.String)[pri:0, instance:tests.lesson1.pageObject.SendEmailTest@52aa2946]" name="setup" is-config="true" duration-ms="16669" started-at="2021-02-26T08:41:08Z" finished-at="2021-02-26T08:41:25Z">
          <params>
            <param index="0">
              <value>
                <![CDATA[Firefox]]>
              </value>
            </param>
          </params>
          <reporter-output>
          </reporter-output>
        </test-method> <!-- setup -->
        <test-method status="PASS" signature="setLogin()[pri:0, instance:tests.lesson1.pageObject.SendEmailTest@52aa2946]" name="setLogin" is-config="true" duration-ms="3536" started-at="2021-02-26T08:41:25Z" finished-at="2021-02-26T08:41:28Z">
          <reporter-output>
          </reporter-output>
        </test-method> <!-- setLogin -->
        <test-method status="PASS" signature="checkDownloading()[pri:0, instance:tests.lesson1.pageObject.SendEmailTest@52aa2946]" name="checkDownloading" duration-ms="69387" started-at="2021-02-26T08:41:28Z" description="files upload download" finished-at="2021-02-26T08:42:38Z">
          <reporter-output>
          </reporter-output>
        </test-method> <!-- checkDownloading -->
        <test-method status="PASS" signature="checkingLoginToTheEmailAndSendingTheMail()[pri:0, instance:tests.lesson1.pageObject.SendEmailTest@52aa2946]" name="checkingLoginToTheEmailAndSendingTheMail" duration-ms="8775" started-at="2021-02-26T08:42:38Z" description="Checking login to the email and sending the mail" finished-at="2021-02-26T08:42:47Z">
          <reporter-output>
          </reporter-output>
        </test-method> <!-- checkingLoginToTheEmailAndSendingTheMail -->
      </class> <!-- tests.lesson1.pageObject.SendEmailTest -->
    </test> <!-- SendEmailTest using Mozilla -->
    <test name="SendEmailTest using Chrome" duration-ms="101278" started-at="2021-02-26T08:41:08Z" finished-at="2021-02-26T08:42:49Z">
      <class name="tests.lesson1.pageObject.SendEmailTest">
        <test-method status="PASS" signature="setup(java.lang.String)[pri:0, instance:tests.lesson1.pageObject.SendEmailTest@2c34f934]" name="setup" is-config="true" duration-ms="8021" started-at="2021-02-26T08:41:08Z" finished-at="2021-02-26T08:41:16Z">
          <params>
            <param index="0">
              <value>
                <![CDATA[Chrome]]>
              </value>
            </param>
          </params>
          <reporter-output>
          </reporter-output>
        </test-method> <!-- setup -->
        <test-method status="PASS" signature="setLogin()[pri:0, instance:tests.lesson1.pageObject.SendEmailTest@2c34f934]" name="setLogin" is-config="true" duration-ms="5802" started-at="2021-02-26T08:41:16Z" finished-at="2021-02-26T08:41:22Z">
          <reporter-output>
          </reporter-output>
        </test-method> <!-- setLogin -->
        <test-method status="FAIL" signature="checkDownloading()[pri:0, instance:tests.lesson1.pageObject.SendEmailTest@2c34f934]" name="checkDownloading" duration-ms="33300" started-at="2021-02-26T08:41:22Z" description="files upload download" finished-at="2021-02-26T08:41:55Z">
          <exception class="java.lang.AssertionError">
            <message>
              <![CDATA[File was not downloaded expected [true] but found [false]]]>
            </message>
            <full-stacktrace>
              <![CDATA[java.lang.AssertionError: File was not downloaded expected [true] but found [false]
at org.testng.Assert.fail(Assert.java:96)
at org.testng.Assert.failNotEquals(Assert.java:776)
at org.testng.Assert.assertTrue(Assert.java:44)
at pages.lesson1.PageObject.BasePage.assertTrue(BasePage.java:86)
at pages.lesson1.PageObject.UkrNetHomePage.checkFileDownloading(UkrNetHomePage.java:115)
at tests.lesson1.pageObject.SendEmailTest.checkDownloading(SendEmailTest.java:39)
at sun.reflect.NativeMethodAccessorImpl.invoke0(Native Method)
at sun.reflect.NativeMethodAccessorImpl.invoke(NativeMethodAccessorImpl.java:62)
at sun.reflect.DelegatingMethodAccessorImpl.invoke(DelegatingMethodAccessorImpl.java:43)
at java.lang.reflect.Method.invoke(Method.java:498)
at org.testng.internal.MethodInvocationHelper.invokeMethod(MethodInvocationHelper.java:124)
at org.testng.internal.Invoker.invokeMethod(Invoker.java:583)
at org.testng.internal.Invoker.invokeTestMethod(Invoker.java:719)
at org.testng.internal.Invoker.invokeTestMethods(Invoker.java:989)
at org.testng.internal.TestMethodWorker.invokeTestMethods(TestMethodWorker.java:125)
at org.testng.internal.TestMethodWorker.run(TestMethodWorker.java:109)
at org.testng.TestRunner.privateRun(TestRunner.java:648)
at org.testng.TestRunner.run(TestRunner.java:505)
at org.testng.SuiteRunner.runTest(SuiteRunner.java:455)
at org.testng.SuiteRunner.access$000(SuiteRunner.java:40)
at org.testng.SuiteRunner$SuiteWorker.run(SuiteRunner.java:489)
at org.testng.internal.thread.ThreadUtil$1.call(ThreadUtil.java:52)
at java.util.concurrent.FutureTask.run(FutureTask.java:266)
at java.util.concurrent.ThreadPoolExecutor.runWorker(ThreadPoolExecutor.java:1149)
at java.util.concurrent.ThreadPoolExecutor$Worker.run(ThreadPoolExecutor.java:624)
at java.lang.Thread.run(Thread.java:748)
]]>
            </full-stacktrace>
          </exception> <!-- java.lang.AssertionError -->
          <reporter-output>
          </reporter-output>
        </test-method> <!-- checkDownloading -->
        <test-method status="PASS" signature="checkingLoginToTheEmailAndSendingTheMail()[pri:0, instance:tests.lesson1.pageObject.SendEmailTest@2c34f934]" name="checkingLoginToTheEmailAndSendingTheMail" duration-ms="10950" started-at="2021-02-26T08:42:38Z" description="Checking login to the email and sending the mail" finished-at="2021-02-26T08:42:49Z">
          <reporter-output>
          </reporter-output>
        </test-method> <!-- checkingLoginToTheEmailAndSendingTheMail -->
        <test-method status="PASS" signature="teardown()[pri:0, instance:tests.lesson1.pageObject.SendEmailTest@2c34f934]" name="teardown" is-config="true" duration-ms="3265" started-at="2021-02-26T08:42:49Z" finished-at="2021-02-26T08:42:53Z">
          <reporter-output>
          </reporter-output>
        </test-method> <!-- teardown -->
      </class> <!-- tests.lesson1.pageObject.SendEmailTest -->
    </test> <!-- SendEmailTest using Chrome -->
  </suite> <!-- Suite for parallel run -->
  <suite name="tests.BeforeAfterSuiteTestClassMethod.lesson1" duration-ms="86" started-at="2021-02-26T08:42:53Z" finished-at="2021-02-26T08:42:53Z">
    <groups>
      <group name="1">
        <method signature="CalculatorTest.calculatorTest1()[pri:0, instance:tests.lesson1.calculator.CalculatorTest@5ef60048]" name="calculatorTest1" class="tests.lesson1.calculator.CalculatorTest"/>
        <method signature="CalculatorTest.calculatorTest3()[pri:0, instance:tests.lesson1.calculator.CalculatorTest@5ef60048]" name="calculatorTest3" class="tests.lesson1.calculator.CalculatorTest"/>
      </group> <!-- 1 -->
      <group name="2">
        <method signature="CalculatorTest.calculatorTest2()[pri:0, instance:tests.lesson1.calculator.CalculatorTest@5ef60048]" name="calculatorTest2" class="tests.lesson1.calculator.CalculatorTest"/>
      </group> <!-- 2 -->
      <group name="3">
        <method signature="CalculatorTest.calculatorTest4()[pri:0, instance:tests.lesson1.calculator.CalculatorTest@5ef60048]" name="calculatorTest4" class="tests.lesson1.calculator.CalculatorTest"/>
      </group> <!-- 3 -->
    </groups>
    <test name="Structure, parallel, parameter passing" duration-ms="86" started-at="2021-02-26T08:42:53Z" finished-at="2021-02-26T08:42:53Z">
      <class name="tests.lesson1.calculator.CalculatorTest">
        <test-method status="PASS" signature="calculatorTest1()[pri:0, instance:tests.lesson1.calculator.CalculatorTest@5ef60048]" name="calculatorTest1" duration-ms="43" started-at="2021-02-26T08:42:53Z" description="test annotation: calculaorTest1, check subtraction " finished-at="2021-02-26T08:42:53Z">
          <reporter-output>
          </reporter-output>
        </test-method> <!-- calculatorTest1 -->
        <test-method status="PASS" signature="calculatorTest2()[pri:0, instance:tests.lesson1.calculator.CalculatorTest@5ef60048]" name="calculatorTest2" duration-ms="5" started-at="2021-02-26T08:42:53Z" description="test annotation: calculaorTest2, check addition " finished-at="2021-02-26T08:42:53Z">
          <reporter-output>
          </reporter-output>
        </test-method> <!-- calculatorTest2 -->
        <test-method status="PASS" signature="calculatorTest3()[pri:0, instance:tests.lesson1.calculator.CalculatorTest@5ef60048]" name="calculatorTest3" duration-ms="6" started-at="2021-02-26T08:42:53Z" description="test annotation: calculaorTest3, check multiplication " finished-at="2021-02-26T08:42:53Z">
          <reporter-output>
          </reporter-output>
        </test-method> <!-- calculatorTest3 -->
        <test-method status="PASS" signature="calculatorTest4()[pri:0, instance:tests.lesson1.calculator.CalculatorTest@5ef60048]" name="calculatorTest4" duration-ms="5" started-at="2021-02-26T08:42:53Z" description="test annotation: calculaorTest4, check division " finished-at="2021-02-26T08:42:53Z">
          <reporter-output>
          </reporter-output>
        </test-method> <!-- calculatorTest4 -->
      </class> <!-- tests.lesson1.calculator.CalculatorTest -->
    </test> <!-- Structure, parallel, parameter passing -->
  </suite> <!-- tests.BeforeAfterSuiteTestClassMethod.lesson1 -->
  <suite name="Add few parameters inside testNG" duration-ms="6" started-at="2021-02-26T08:42:53Z" finished-at="2021-02-26T08:42:53Z">
    <groups>
    </groups>
    <test name="DataProviderTest" duration-ms="6" started-at="2021-02-26T08:42:53Z" finished-at="2021-02-26T08:42:53Z">
      <class name="tests.lesson3.CalculatorTest">
        <test-method status="PASS" signature="parametersFromTestNG(int, java.lang.String)[pri:0, instance:tests.lesson3.CalculatorTest@55a561cf]" name="parametersFromTestNG" duration-ms="3" started-at="2021-02-26T08:42:53Z" description="test annotation: calculatorTest1, check addition " finished-at="2021-02-26T08:42:53Z">
          <params>
            <param index="0">
              <value>
                <![CDATA[40]]>
              </value>
            </param>
            <param index="1">
              <value>
                <![CDATA[5, 5, 10, 20]]>
              </value>
            </param>
          </params>
          <reporter-output>
          </reporter-output>
        </test-method> <!-- parametersFromTestNG -->
      </class> <!-- tests.lesson3.CalculatorTest -->
    </test> <!-- DataProviderTest -->
  </suite> <!-- Add few parameters inside testNG -->
</testng-results>
