<?xml version="1.0" encoding="UTF-8"?>
<!-- Generated by org.testng.reporters.JUnitXMLReporter -->
<testsuite hostname="DESKTOP-AAJ02US" ignored="0" name="SendEmailTest using Chrome" tests="2" failures="1" timestamp="26 Feb 2021 08:42:49 GMT" time="101.278" errors="0">
  <testcase name="checkDownloading" time="33.3" classname="tests.lesson1.pageObject.SendEmailTest">
    <failure type="java.lang.AssertionError" message="File was not downloaded expected [true] but found [false]">
      <![CDATA[java.lang.AssertionError: File was not downloaded expected [true] but found [false]
at pages.lesson1.PageObject.BasePage.assertTrue(BasePage.java:86)
at pages.lesson1.PageObject.UkrNetHomePage.checkFileDownloading(UkrNetHomePage.java:115)
at tests.lesson1.pageObject.SendEmailTest.checkDownloading(SendEmailTest.java:39)
at java.util.concurrent.FutureTask.run(FutureTask.java:266)
at java.util.concurrent.ThreadPoolExecutor.runWorker(ThreadPoolExecutor.java:1149)
at java.util.concurrent.ThreadPoolExecutor$Worker.run(ThreadPoolExecutor.java:624)
at java.lang.Thread.run(Thread.java:748)
... Removed 19 stack frames]]>
    </failure>
  </testcase> <!-- checkDownloading -->
  <testcase name="checkingLoginToTheEmailAndSendingTheMail" time="10.95" classname="tests.lesson1.pageObject.SendEmailTest"/>
</testsuite> <!-- SendEmailTest using Chrome -->
